loading annotations into memory...
Done (t=0.12s)
creating index...
index created!
Script running in the background. Check 'ablation.log' for logs.
2024-07-12 14:17:31,267 - INFO - Available GPUs: 8
2024-07-12 14:17:31,301 - INFO - Running experiment: Architecture=unet, Loss=xe, Balance=False, Batch Size=8
2024-07-12 14:17:31,329 - INFO - Running experiment: Architecture=unet, Loss=xe, Balance=False, Batch Size=16
2024-07-12 14:17:31,367 - INFO - Running experiment: Architecture=unet, Loss=xe, Balance=False, Batch Size=32
2024-07-12 14:17:31,393 - INFO - Running experiment: Architecture=unet, Loss=xe, Balance=True, Batch Size=8
2024-07-12 14:17:31,414 - INFO - Running experiment: Architecture=unet, Loss=xe, Balance=True, Batch Size=16
2024-07-12 14:17:31,436 - INFO - Running experiment: Architecture=unet, Loss=xe, Balance=True, Batch Size=32
2024-07-12 14:17:31,455 - INFO - Running experiment: Architecture=unet, Loss=dice, Balance=False, Batch Size=8
2024-07-12 14:17:31,479 - INFO - Running experiment: Architecture=unet, Loss=dice, Balance=False, Batch Size=16
2024-07-12 14:31:00,802 - INFO - Finished Experiment: Architecture=unet, Loss=dice, Balance=False, Batch Size=16
2024-07-12 14:31:00,810 - INFO - Running experiment: Architecture=unet, Loss=dice, Balance=False, Batch Size=32
2024-07-12 14:32:12,633 - INFO - Finished Experiment: Architecture=unet, Loss=dice, Balance=False, Batch Size=8
2024-07-12 14:32:12,640 - INFO - Running experiment: Architecture=unet, Loss=dice, Balance=True, Batch Size=8
2024-07-12 14:33:00,819 - INFO - Finished Experiment: Architecture=unet, Loss=xe, Balance=True, Batch Size=32
2024-07-12 14:33:00,824 - INFO - Running experiment: Architecture=unet, Loss=dice, Balance=True, Batch Size=16
2024-07-12 14:33:18,045 - INFO - Finished Experiment: Architecture=unet, Loss=xe, Balance=False, Batch Size=32
2024-07-12 14:33:18,049 - INFO - Running experiment: Architecture=unet, Loss=dice, Balance=True, Batch Size=32
2024-07-12 14:34:12,096 - INFO - Finished Experiment: Architecture=unet, Loss=xe, Balance=True, Batch Size=16
2024-07-12 14:34:12,111 - INFO - Running experiment: Architecture=unet, Loss=dicebce, Balance=False, Batch Size=8
2024-07-12 14:34:33,311 - INFO - Finished Experiment: Architecture=unet, Loss=xe, Balance=False, Batch Size=16
2024-07-12 14:34:33,335 - INFO - Running experiment: Architecture=unet, Loss=dicebce, Balance=False, Batch Size=16
2024-07-12 14:37:29,226 - INFO - Finished Experiment: Architecture=unet, Loss=xe, Balance=True, Batch Size=8
2024-07-12 14:37:29,231 - INFO - Running experiment: Architecture=unet, Loss=dicebce, Balance=False, Batch Size=32
2024-07-12 14:39:16,775 - INFO - Finished Experiment: Architecture=unet, Loss=xe, Balance=False, Batch Size=8
2024-07-12 14:39:16,804 - INFO - Running experiment: Architecture=unet, Loss=dicebce, Balance=True, Batch Size=8
2024-07-12 14:45:28,082 - INFO - Finished Experiment: Architecture=unet, Loss=dice, Balance=False, Batch Size=32
2024-07-12 14:45:28,085 - INFO - Running experiment: Architecture=unet, Loss=dicebce, Balance=True, Batch Size=16
2024-07-12 14:47:21,126 - INFO - Finished Experiment: Architecture=unet, Loss=dice, Balance=True, Batch Size=8
2024-07-12 14:47:21,128 - INFO - Running experiment: Architecture=unet, Loss=dicebce, Balance=True, Batch Size=32
2024-07-12 14:49:24,545 - INFO - Finished Experiment: Architecture=unet, Loss=dice, Balance=True, Batch Size=16
2024-07-12 14:49:24,549 - INFO - Running experiment: Architecture=nested_unet, Loss=xe, Balance=False, Batch Size=8
2024-07-12 14:51:03,441 - INFO - Finished Experiment: Architecture=unet, Loss=dice, Balance=True, Batch Size=32
2024-07-12 14:51:03,443 - INFO - Running experiment: Architecture=nested_unet, Loss=xe, Balance=False, Batch Size=16
2024-07-12 14:53:42,967 - INFO - Finished Experiment: Architecture=unet, Loss=dicebce, Balance=False, Batch Size=32
2024-07-12 14:53:42,971 - INFO - Running experiment: Architecture=nested_unet, Loss=xe, Balance=False, Batch Size=32
2024-07-12 14:54:11,189 - INFO - Finished Experiment: Architecture=unet, Loss=dicebce, Balance=False, Batch Size=16
2024-07-12 14:54:11,192 - INFO - Running experiment: Architecture=nested_unet, Loss=xe, Balance=True, Batch Size=8
2024-07-12 14:56:26,743 - INFO - Finished Experiment: Architecture=unet, Loss=dicebce, Balance=False, Batch Size=8
2024-07-12 14:56:26,746 - INFO - Running experiment: Architecture=nested_unet, Loss=xe, Balance=True, Batch Size=16
2024-07-12 15:01:51,827 - INFO - Finished Experiment: Architecture=unet, Loss=dicebce, Balance=True, Batch Size=8
2024-07-12 15:01:51,830 - INFO - Running experiment: Architecture=nested_unet, Loss=xe, Balance=True, Batch Size=32
2024-07-12 15:02:06,763 - INFO - Finished Experiment: Architecture=unet, Loss=dicebce, Balance=True, Batch Size=16
2024-07-12 15:02:06,764 - INFO - Running experiment: Architecture=nested_unet, Loss=dice, Balance=False, Batch Size=8
2024-07-12 15:02:10,495 - ERROR - Experiment failed for: Architecture=nested_unet, Loss=xe, Balance=True, Batch Size=32. Error: CUDA out of memory. Tried to allocate 784.00 MiB. GPU 
2024-07-12 15:02:10,500 - INFO - Running experiment: Architecture=nested_unet, Loss=dice, Balance=False, Batch Size=16
2024-07-12 15:04:04,630 - INFO - Finished Experiment: Architecture=unet, Loss=dicebce, Balance=True, Batch Size=32
2024-07-12 15:04:04,632 - INFO - Running experiment: Architecture=nested_unet, Loss=dice, Balance=False, Batch Size=32
2024-07-12 15:16:30,490 - INFO - Finished Experiment: Architecture=nested_unet, Loss=xe, Balance=False, Batch Size=8
2024-07-12 15:16:30,492 - INFO - Running experiment: Architecture=nested_unet, Loss=dice, Balance=True, Batch Size=8
2024-07-12 15:16:41,821 - INFO - Finished Experiment: Architecture=nested_unet, Loss=xe, Balance=False, Batch Size=16
2024-07-12 15:16:41,824 - INFO - Running experiment: Architecture=nested_unet, Loss=dice, Balance=True, Batch Size=16
2024-07-12 15:18:09,624 - INFO - Finished Experiment: Architecture=nested_unet, Loss=xe, Balance=False, Batch Size=32
2024-07-12 15:18:09,626 - INFO - Running experiment: Architecture=nested_unet, Loss=dice, Balance=True, Batch Size=32
2024-07-12 15:21:34,631 - INFO - Finished Experiment: Architecture=nested_unet, Loss=xe, Balance=True, Batch Size=16
2024-07-12 15:21:34,633 - INFO - Running experiment: Architecture=nested_unet, Loss=dicebce, Balance=False, Batch Size=8
2024-07-12 15:23:51,926 - INFO - Finished Experiment: Architecture=nested_unet, Loss=dice, Balance=False, Batch Size=8
2024-07-12 15:23:51,929 - INFO - Running experiment: Architecture=nested_unet, Loss=dicebce, Balance=False, Batch Size=16
2024-07-12 15:24:17,387 - INFO - Finished Experiment: Architecture=nested_unet, Loss=xe, Balance=True, Batch Size=8
2024-07-12 15:24:17,394 - INFO - Running experiment: Architecture=nested_unet, Loss=dicebce, Balance=False, Batch Size=32
2024-07-12 15:26:41,269 - INFO - Finished Experiment: Architecture=nested_unet, Loss=dice, Balance=False, Batch Size=32
2024-07-12 15:26:41,271 - INFO - Running experiment: Architecture=nested_unet, Loss=dicebce, Balance=True, Batch Size=8
2024-07-12 15:27:19,946 - INFO - Finished Experiment: Architecture=nested_unet, Loss=dice, Balance=False, Batch Size=16
2024-07-12 15:27:19,948 - INFO - Running experiment: Architecture=nested_unet, Loss=dicebce, Balance=True, Batch Size=16
2024-07-12 15:38:18,569 - INFO - Finished Experiment: Architecture=nested_unet, Loss=dice, Balance=True, Batch Size=8
2024-07-12 15:38:18,571 - INFO - Running experiment: Architecture=nested_unet, Loss=dicebce, Balance=True, Batch Size=32
2024-07-12 15:39:42,071 - INFO - Finished Experiment: Architecture=nested_unet, Loss=dice, Balance=True, Batch Size=16
2024-07-12 15:39:42,073 - INFO - Running experiment: Architecture=deeplabv3, Loss=xe, Balance=False, Batch Size=8
2024-07-12 15:41:21,951 - INFO - Finished Experiment: Architecture=nested_unet, Loss=dice, Balance=True, Batch Size=32
2024-07-12 15:41:21,956 - INFO - Running experiment: Architecture=deeplabv3, Loss=xe, Balance=False, Batch Size=16
2024-07-12 15:48:42,841 - INFO - Finished Experiment: Architecture=nested_unet, Loss=dicebce, Balance=False, Batch Size=16
2024-07-12 15:48:42,849 - INFO - Running experiment: Architecture=deeplabv3, Loss=xe, Balance=False, Batch Size=32
2024-07-12 15:49:09,170 - INFO - Finished Experiment: Architecture=nested_unet, Loss=dicebce, Balance=False, Batch Size=8
2024-07-12 15:49:09,172 - INFO - Running experiment: Architecture=deeplabv3, Loss=xe, Balance=True, Batch Size=8
2024-07-12 15:50:39,289 - INFO - Finished Experiment: Architecture=nested_unet, Loss=dicebce, Balance=False, Batch Size=32
2024-07-12 15:50:39,297 - INFO - Running experiment: Architecture=deeplabv3, Loss=xe, Balance=True, Batch Size=16
2024-07-12 15:53:55,332 - INFO - Finished Experiment: Architecture=nested_unet, Loss=dicebce, Balance=True, Batch Size=8
2024-07-12 15:53:55,335 - INFO - Running experiment: Architecture=deeplabv3, Loss=xe, Balance=True, Batch Size=32
2024-07-12 15:58:51,242 - INFO - Finished Experiment: Architecture=nested_unet, Loss=dicebce, Balance=True, Batch Size=16
2024-07-12 15:58:51,251 - INFO - Running experiment: Architecture=deeplabv3, Loss=dice, Balance=False, Batch Size=8
2024-07-12 16:03:04,686 - INFO - Finished Experiment: Architecture=nested_unet, Loss=dicebce, Balance=True, Batch Size=32
2024-07-12 16:03:04,688 - INFO - Running experiment: Architecture=deeplabv3, Loss=dice, Balance=False, Batch Size=16
2024-07-12 16:03:42,676 - INFO - Finished Experiment: Architecture=deeplabv3, Loss=xe, Balance=False, Batch Size=16
2024-07-12 16:03:42,689 - INFO - Running experiment: Architecture=deeplabv3, Loss=dice, Balance=False, Batch Size=32
2024-07-12 16:07:31,708 - INFO - Finished Experiment: Architecture=deeplabv3, Loss=xe, Balance=False, Batch Size=8
2024-07-12 16:07:31,711 - INFO - Running experiment: Architecture=deeplabv3, Loss=dice, Balance=True, Batch Size=8
2024-07-12 16:10:10,998 - INFO - Finished Experiment: Architecture=deeplabv3, Loss=xe, Balance=False, Batch Size=32
2024-07-12 16:10:11,001 - INFO - Running experiment: Architecture=deeplabv3, Loss=dice, Balance=True, Batch Size=16
2024-07-12 16:14:59,617 - INFO - Finished Experiment: Architecture=deeplabv3, Loss=xe, Balance=True, Batch Size=16
2024-07-12 16:14:59,621 - INFO - Running experiment: Architecture=deeplabv3, Loss=dice, Balance=True, Batch Size=32
2024-07-12 16:15:15,770 - INFO - Finished Experiment: Architecture=deeplabv3, Loss=xe, Balance=True, Batch Size=32
2024-07-12 16:15:15,777 - INFO - Running experiment: Architecture=deeplabv3, Loss=dicebce, Balance=False, Batch Size=8
2024-07-12 16:17:22,406 - INFO - Finished Experiment: Architecture=deeplabv3, Loss=xe, Balance=True, Batch Size=8
2024-07-12 16:17:22,409 - INFO - Running experiment: Architecture=deeplabv3, Loss=dicebce, Balance=False, Batch Size=16
2024-07-12 16:22:57,664 - INFO - Finished Experiment: Architecture=deeplabv3, Loss=dice, Balance=False, Batch Size=16
2024-07-12 16:22:57,667 - INFO - Running experiment: Architecture=deeplabv3, Loss=dicebce, Balance=False, Batch Size=32
2024-07-12 16:23:37,171 - INFO - Finished Experiment: Architecture=deeplabv3, Loss=dice, Balance=False, Batch Size=32
2024-07-12 16:23:37,173 - INFO - Running experiment: Architecture=deeplabv3, Loss=dicebce, Balance=True, Batch Size=8
2024-07-12 16:30:38,446 - INFO - Finished Experiment: Architecture=deeplabv3, Loss=dice, Balance=True, Batch Size=16
2024-07-12 16:30:38,448 - INFO - Running experiment: Architecture=deeplabv3, Loss=dicebce, Balance=True, Batch Size=16
2024-07-12 16:31:03,174 - INFO - Finished Experiment: Architecture=deeplabv3, Loss=dice, Balance=True, Batch Size=8
2024-07-12 16:31:03,179 - INFO - Running experiment: Architecture=deeplabv3, Loss=dicebce, Balance=True, Batch Size=32
2024-07-12 16:32:03,039 - INFO - Finished Experiment: Architecture=deeplabv3, Loss=dice, Balance=False, Batch Size=8
2024-07-12 16:32:03,041 - INFO - Running experiment: Architecture=segnet, Loss=xe, Balance=False, Batch Size=8
2024-07-12 16:36:36,548 - INFO - Finished Experiment: Architecture=deeplabv3, Loss=dice, Balance=True, Batch Size=32
2024-07-12 16:36:36,552 - INFO - Running experiment: Architecture=segnet, Loss=xe, Balance=False, Batch Size=16
2024-07-12 16:40:28,660 - INFO - Finished Experiment: Architecture=deeplabv3, Loss=dicebce, Balance=False, Batch Size=16
2024-07-12 16:40:28,662 - INFO - Running experiment: Architecture=segnet, Loss=xe, Balance=False, Batch Size=32
2024-07-12 16:44:01,152 - INFO - Finished Experiment: Architecture=deeplabv3, Loss=dicebce, Balance=False, Batch Size=8
2024-07-12 16:44:01,154 - INFO - Running experiment: Architecture=segnet, Loss=xe, Balance=True, Batch Size=8
2024-07-12 16:44:23,344 - INFO - Finished Experiment: Architecture=deeplabv3, Loss=dicebce, Balance=False, Batch Size=32
2024-07-12 16:44:23,346 - INFO - Running experiment: Architecture=segnet, Loss=xe, Balance=True, Batch Size=16
2024-07-12 16:46:26,557 - INFO - Finished Experiment: Architecture=segnet, Loss=xe, Balance=False, Batch Size=8
2024-07-12 16:46:26,559 - INFO - Running experiment: Architecture=segnet, Loss=xe, Balance=True, Batch Size=32
2024-07-12 16:50:20,430 - INFO - Finished Experiment: Architecture=segnet, Loss=xe, Balance=False, Batch Size=16
2024-07-12 16:50:20,440 - INFO - Running experiment: Architecture=segnet, Loss=dice, Balance=False, Batch Size=8
2024-07-12 16:51:03,557 - INFO - Finished Experiment: Architecture=segnet, Loss=xe, Balance=False, Batch Size=32
2024-07-12 16:51:03,560 - INFO - Running experiment: Architecture=segnet, Loss=dice, Balance=False, Batch Size=16
2024-07-12 16:53:00,018 - INFO - Finished Experiment: Architecture=deeplabv3, Loss=dicebce, Balance=True, Batch Size=32
2024-07-12 16:53:00,021 - INFO - Running experiment: Architecture=segnet, Loss=dice, Balance=False, Batch Size=32
2024-07-12 16:53:03,916 - INFO - Finished Experiment: Architecture=deeplabv3, Loss=dicebce, Balance=True, Batch Size=8
2024-07-12 16:53:03,922 - INFO - Running experiment: Architecture=segnet, Loss=dice, Balance=True, Batch Size=8
2024-07-12 16:53:15,594 - INFO - Finished Experiment: Architecture=deeplabv3, Loss=dicebce, Balance=True, Batch Size=16
2024-07-12 16:53:15,596 - INFO - Running experiment: Architecture=segnet, Loss=dice, Balance=True, Batch Size=16
2024-07-12 16:55:38,480 - INFO - Finished Experiment: Architecture=segnet, Loss=xe, Balance=True, Batch Size=16
2024-07-12 16:55:38,484 - INFO - Running experiment: Architecture=segnet, Loss=dice, Balance=True, Batch Size=32
