2024-08-06 13:43:33,880 - INFO - Finished Inference for 113-PI588603_15-91 | Time: 76.86855554580688
2024-08-06 13:44:29,031 - INFO - Finished Inference for 266-PI588464_15-58 | Time: 55.14994931221008
2024-08-06 13:45:24,480 - INFO - Finished Inference for 255-PI483151_16-55 | Time: 55.44910216331482
2024-08-06 13:46:38,672 - INFO - Finished Inference for 278-PI588608_15-97 | Time: 74.19125175476074
2024-08-06 13:47:53,220 - INFO - Finished Inference for 191-PI483171_13-4 | Time: 74.54769110679626
2024-08-06 13:48:40,403 - INFO - Finished Inference for 167-PI597269_15-1 | Time: 47.18293499946594
2024-08-06 13:49:35,592 - INFO - Finished Inference for 190-PI483160_13-1 | Time: 55.188814640045166
2024-08-06 13:50:47,124 - INFO - Finished Inference for 177-PI588597_15-25 | Time: 71.53151202201843
2024-08-06 13:52:02,857 - INFO - Finished Inference for 184-PI588612_15-39 | Time: 75.7324321269989
2024-08-06 13:53:16,415 - INFO - Finished Inference for 087-PI588540_16-45 | Time: 73.55723428726196
2024-08-06 13:54:17,500 - INFO - Finished Inference for 258-PI588329_16-61 | Time: 61.085405111312866
2024-08-06 13:55:35,342 - INFO - Finished Inference for 166-PI588331_13-109 | Time: 77.84115433692932
2024-08-06 13:56:47,145 - INFO - Finished Inference for 017-PI588607_15-33 | Time: 71.80231213569641
2024-08-06 13:58:02,334 - INFO - Finished Inference for 277-PI588603_15-91 | Time: 75.1891827583313
2024-08-06 13:59:16,771 - INFO - Finished Inference for 038-PI255189_13-27 | Time: 74.43647313117981
2024-08-06 14:00:30,344 - INFO - Finished Inference for 296-PI588579_14-31 | Time: 73.57268452644348
2024-08-06 14:01:46,679 - INFO - Finished Inference for 202-PI255189_13-27 | Time: 76.33478808403015
2024-08-06 14:02:27,636 - INFO - Finished Inference for 101-PI588552_15-53 | Time: 40.956238746643066
2024-08-06 14:02:34,403 - ERROR - 225-13-75 has invalid name
2024-08-06 14:03:36,817 - INFO - Finished Inference for 193-PI588563_13-9 | Time: 62.412983894348145
2024-08-06 14:04:49,214 - INFO - Finished Inference for 302-PI588522_14-49 | Time: 72.39725518226624
2024-08-06 14:05:53,569 - INFO - Finished Inference for 297-PI588485_14-33 | Time: 64.35442852973938
2024-08-06 14:07:08,488 - INFO - Finished Inference for 306-PI348889_14-57 | Time: 74.91835331916809
2024-08-06 14:07:55,161 - INFO - Finished Inference for 300-PI588576_14-45 | Time: 46.673253774642944
2024-08-06 14:08:41,691 - INFO - Finished Inference for 070-PI483178_13-93 | Time: 46.529398918151855
2024-08-06 14:09:54,372 - INFO - Finished Inference for 018-PI588596_15-35 | Time: 72.68023347854614
2024-08-06 14:11:00,167 - INFO - Finished Inference for 092-PI483138_16-57 | Time: 65.79447436332703
2024-08-06 14:12:11,327 - INFO - Finished Inference for 050-PI483170_13-53 | Time: 71.16002249717712
2024-08-06 14:13:25,108 - INFO - Finished Inference for 174-PI588543_15-19 | Time: 73.78092360496521
2024-08-06 14:14:39,655 - INFO - Finished Inference for 197-PI588274_13-17 | Time: 74.54683804512024
2024-08-06 14:15:57,543 - INFO - Finished Inference for 290-PI588528_14-15 | Time: 77.88699984550476
2024-08-06 14:17:12,197 - INFO - Finished Inference for 004-PI588478_15-3 | Time: 74.6535747051239
2024-08-06 14:18:23,741 - INFO - Finished Inference for 318-PI588558_14-89 | Time: 71.5435152053833
2024-08-06 14:19:35,265 - INFO - Finished Inference for 142-PI348889_14-57 | Time: 71.52349495887756
2024-08-06 14:20:49,238 - INFO - Finished Inference for 119-PI483186_14-1 | Time: 73.97306537628174
2024-08-06 14:21:38,178 - INFO - Finished Inference for 244-PI588584_16-27 | Time: 48.9401478767395
2024-08-06 14:22:45,085 - INFO - Finished Inference for 250-PI588143_16-41 | Time: 66.90575623512268
2024-08-06 14:24:02,043 - INFO - Finished Inference for 273-PI588620_15-77 | Time: 76.95767450332642
2024-08-06 14:25:18,023 - INFO - Finished Inference for 189-GVIT1728_15-51 | Time: 75.97987532615662
2024-08-06 14:26:32,041 - INFO - Finished Inference for 235-PI483130_13-95 | Time: 74.01819062232971
2024-08-06 14:27:45,524 - INFO - Finished Inference for 051-PI483181_13-55 | Time: 73.48179745674133
2024-08-06 14:29:00,048 - INFO - Finished Inference for 239-PI483152_13-103 | Time: 74.52389621734619
2024-08-06 14:30:15,112 - INFO - Finished Inference for 194-PI588439_13-11 | Time: 75.06419920921326
2024-08-06 14:31:28,195 - INFO - Finished Inference for 285-PI483157_14-5 | Time: 73.08270573616028
2024-08-06 14:32:14,560 - INFO - Finished Inference for 136-PI588576_14-45 | Time: 46.36460089683533
2024-08-06 14:33:28,555 - INFO - Finished Inference for 238-PI588565_13-101 | Time: 73.99470639228821
2024-08-06 14:34:10,802 - INFO - Finished Inference for 049-PI483145_13-51 | Time: 42.246325969696045
2024-08-06 14:35:23,062 - INFO - Finished Inference for 247-PI483184_16-33 | Time: 72.26014113426208
2024-08-06 14:36:31,807 - INFO - Finished Inference for 152-PI588555_14-85 | Time: 68.74401664733887
2024-08-06 14:37:43,255 - INFO - Finished Inference for 130-PI588491_14-23 | Time: 71.44767093658447
2024-08-06 14:38:49,344 - INFO - Finished Inference for 014-PI588594_15-27 | Time: 66.0883240699768
2024-08-06 14:40:07,347 - INFO - Finished Inference for 084-PI483188_16-35 | Time: 78.00314211845398
2024-08-06 14:41:16,639 - INFO - Finished Inference for 029-PI588563_13-9 | Time: 69.29147577285767
2024-08-06 14:42:01,561 - INFO - Finished Inference for 319-PI588553_14-91 | Time: 44.92166328430176
2024-08-06 14:43:18,508 - INFO - Finished Inference for 267-PI588617_15-59 | Time: 76.94660544395447
2024-08-06 14:44:32,805 - INFO - Finished Inference for 075-PI483152_13-103 | Time: 74.29640340805054
2024-08-06 14:45:47,081 - INFO - Finished Inference for 264-PI588467_16-77 | Time: 74.27589297294617
2024-08-06 14:46:45,079 - INFO - Finished Inference for 257-PI588372_16-59 | Time: 57.99762535095215
2024-08-06 14:48:00,324 - INFO - Finished Inference for 287-PI483180_14-9 | Time: 75.24509406089783
2024-08-06 14:48:54,952 - INFO - Finished Inference for 254-PI483162_16-53 | Time: 54.62759065628052
2024-08-06 14:49:42,370 - INFO - Finished Inference for 080-PI588584_16-27 | Time: 47.41721987724304
2024-08-06 14:50:57,608 - INFO - Finished Inference for 313-PI588561_14-77 | Time: 75.23743057250977
2024-08-06 14:52:13,332 - INFO - Finished Inference for 232-PI597106_13-89 | Time: 75.72387838363647
2024-08-06 14:53:00,330 - INFO - Finished Inference for 091-PI483151_16-55 | Time: 46.99758315086365
2024-08-06 14:53:53,419 - INFO - Finished Inference for 289-PI588533_14-13 | Time: 53.088871002197266
2024-08-06 14:55:06,282 - INFO - Finished Inference for 074-PI588565_13-101 | Time: 72.8628602027893
2024-08-06 14:56:21,127 - INFO - Finished Inference for 299-PI588574_14-43 | Time: 74.84469985961914
2024-08-06 14:57:10,208 - INFO - Finished Inference for 072-PI483155_13-97 | Time: 49.08095383644104
2024-08-06 14:58:21,441 - INFO - Finished Inference for 027-PI483171_13-4 | Time: 71.23268246650696
2024-08-06 14:59:36,715 - INFO - Finished Inference for 327-PI588566_14-107 | Time: 75.27374124526978
2024-08-06 15:00:23,061 - INFO - Finished Inference for 263-PI588529_16-73 | Time: 46.345558166503906
2024-08-06 15:01:38,327 - INFO - Finished Inference for 272-PI588618_15-76 | Time: 75.26494193077087
2024-08-06 15:02:52,069 - INFO - Finished Inference for 104-PI588619_15-61 | Time: 73.7421817779541
2024-08-06 15:04:05,164 - INFO - Finished Inference for 068-PI597106_13-89 | Time: 73.09396171569824
2024-08-06 15:05:18,248 - INFO - Finished Inference for 175-PI588463_15-21 | Time: 73.08413553237915
2024-08-06 15:06:09,583 - INFO - Finished Inference for 001-PI588568_13-107 | Time: 51.33461546897888
2024-08-06 15:07:21,807 - INFO - Finished Inference for 009-PI588470_15-17 | Time: 72.22399806976318
2024-08-06 15:08:37,518 - INFO - Finished Inference for 065-PI483173_13-83 | Time: 75.7101378440857
2024-08-06 15:09:44,584 - INFO - Finished Inference for 022-PI588623_15-45 | Time: 67.06581377983093
2024-08-06 15:10:59,765 - INFO - Finished Inference for 071-PI483130_13-95 | Time: 75.1811842918396
2024-08-06 15:11:46,111 - INFO - Finished Inference for 046-PI483163_13-43 | Time: 46.34547758102417
2024-08-06 15:12:59,796 - INFO - Finished Inference for 326-PI200569_14-106 | Time: 73.68482303619385
2024-08-06 15:13:49,543 - INFO - Finished Inference for 241-PI597270_16-4 | Time: 49.74657607078552
2024-08-06 15:15:02,719 - INFO - Finished Inference for 041-PI588273_13-33 | Time: 73.17523145675659
2024-08-06 15:16:15,898 - INFO - Finished Inference for 324-GVIT1732_14-101 | Time: 73.17844438552856
2024-08-06 15:17:20,091 - INFO - Finished Inference for 147-PI597263_14-72 | Time: 64.1932601928711
2024-08-06 15:18:35,739 - INFO - Finished Inference for 301-PI588588_14-47 | Time: 75.64747285842896
2024-08-06 15:19:46,373 - INFO - Finished Inference for 138-PI588522_14-49 | Time: 70.63378763198853
2024-08-06 15:21:01,674 - INFO - Finished Inference for 227-PI483189_13-79 | Time: 75.30070614814758
2024-08-06 15:22:15,053 - INFO - Finished Inference for 182-PI588596_15-35 | Time: 73.37839603424072
2024-08-06 15:23:04,276 - INFO - Finished Inference for 094-PI588329_16-61 | Time: 49.2230908870697
2024-08-06 15:24:13,180 - INFO - Finished Inference for 308-PI597205_14-61 | Time: 68.90375709533691
2024-08-06 15:25:22,748 - INFO - Finished Inference for 220-PI483175_13-65 | Time: 69.56725573539734
2024-08-06 15:26:33,669 - INFO - Finished Inference for 233-PI483154_13-91 | Time: 70.92029762268066
2024-08-06 15:27:46,549 - INFO - Finished Inference for 154-PI588558_14-89 | Time: 72.88049817085266
2024-08-06 15:28:41,084 - INFO - Finished Inference for 102-PI588464_15-58 | Time: 54.53456950187683
2024-08-06 15:29:54,350 - INFO - Finished Inference for 307-PI348888_14-59 | Time: 73.26510572433472
2024-08-06 15:31:10,405 - INFO - Finished Inference for 117-PI588365_15-107 | Time: 76.05481505393982
2024-08-06 15:32:22,084 - INFO - Finished Inference for 037-PI588572_13-25 | Time: 71.67839765548706
2024-08-06 15:33:37,875 - INFO - Finished Inference for 231-PI483167_13-87 | Time: 75.79101991653442
2024-08-06 15:34:52,394 - INFO - Finished Inference for 012-PI588471_15-23 | Time: 74.51856279373169
2024-08-06 15:35:44,700 - INFO - Finished Inference for 021-PI588611_15-43 | Time: 52.30535578727722
2024-08-06 15:36:34,295 - INFO - Finished Inference for 286-PI588466_14-8 | Time: 49.594558000564575
2024-08-06 15:37:10,239 - INFO - Finished Inference for 265-PI588552_15-53 | Time: 35.9443793296814
2024-08-06 15:38:24,103 - INFO - Finished Inference for 283-PI483186_14-1 | Time: 73.86331152915955
2024-08-06 15:39:38,735 - INFO - Finished Inference for 276-GVIT1730_15-87 | Time: 74.63170862197876
2024-08-06 15:40:53,466 - INFO - Finished Inference for 083-PI483184_16-33 | Time: 74.73047494888306
2024-08-06 15:42:06,875 - INFO - Finished Inference for 140-PI588520_14-54 | Time: 73.40844869613647
2024-08-06 15:42:53,761 - INFO - Finished Inference for 115-PI597274_15-101 | Time: 46.885544776916504
2024-08-06 15:44:11,003 - INFO - Finished Inference for 169-PI588133_15-5 | Time: 77.24207210540771
2024-08-06 15:45:14,537 - INFO - Finished Inference for 059-PI483150_13-71 | Time: 63.53336691856384
2024-08-06 15:46:02,279 - INFO - Finished Inference for 145-PI588539_14-65 | Time: 47.741862773895264
2024-08-06 15:47:11,893 - INFO - Finished Inference for 256-PI483138_16-57 | Time: 69.6139612197876
2024-08-06 15:48:29,127 - INFO - Finished Inference for 134-PI588567_14-37 | Time: 77.23332023620605
2024-08-06 15:49:42,468 - INFO - Finished Inference for 248-PI483188_16-35 | Time: 73.3404495716095
2024-08-06 15:50:55,381 - INFO - Finished Inference for 156-PI341060_14-93 | Time: 72.91295099258423
2024-08-06 15:51:40,687 - INFO - Finished Inference for 279-PI597274_15-101 | Time: 45.30514192581177
-PI200569_14-106.png
Current leaf:  241-PI597270_16-4.png
Current leaf:  041-PI588273_13-33.png
Current leaf:  324-GVIT1732_14-101.png
Current leaf:  147-PI597263_14-72.png
Current leaf:  301-PI588588_14-47.png
Current leaf:  138-PI588522_14-49.png
Current leaf:  227-PI483189_13-79.png
Current leaf:  182-PI588596_15-35.png
Current leaf:  094-PI588329_16-61.png
Current leaf:  308-PI597205_14-61.png
Current leaf:  220-PI483175_13-65.png
Current leaf:  233-PI483154_13-91.png
Current leaf:  154-PI588558_14-89.png
Current leaf:  102-PI588464_15-58.png
Current leaf:  307-PI348888_14-59.png
Current leaf:  117-PI588365_15-107.png
Current leaf:  037-PI588572_13-25.png
Current leaf:  231-PI483167_13-87.png
Current leaf:  012-PI588471_15-23.png
Current leaf:  021-PI588611_15-43.png
Current leaf:  286-PI588466_14-8.png
Current leaf:  265-PI588552_15-53.png
Current leaf:  283-PI483186_14-1.png
Current leaf:  276-GVIT1730_15-87.png
Current leaf:  083-PI483184_16-33.png
Current leaf:  140-PI588520_14-54.png
Current leaf:  115-PI597274_15-101.png
Current leaf:  169-PI588133_15-5.png
Current leaf:  059-PI483150_13-71.png
Current leaf:  145-PI588539_14-65.png
Current leaf:  256-PI483138_16-57.png
Current leaf:  134-PI588567_14-37.png
Current leaf:  248-PI483188_16-35.png
Current leaf:  156-PI341060_14-93.png
Current leaf:  279-PI597274_15-101.png
Current leaf:  066-PI588401_13-86.png
